#
# There is insufficient memory for the Java Runtime Environment to continue.
# Native memory allocation (malloc) failed to allocate 32744 bytes for ChunkPool::allocate
# Possible reasons:
#   The system is out of physical RAM or swap space
#   The process is running with CompressedOops enabled, and the Java Heap may be blocking the growth of the native heap
# Possible solutions:
#   Reduce memory load on the system
#   Increase physical memory or swap space
#   Check if swap backing store is full
#   Decrease Java heap size (-Xmx/-Xms)
#   Decrease number of Java threads
#   Decrease Java thread stack sizes (-Xss)
#   Set larger code cache with -XX:ReservedCodeCacheSize=
#   JVM is running with Unscaled Compressed Oops mode in which the Java heap is
#     placed in the first 4GB address space. The Java Heap base address is the
#     maximum limit for the native heap growth. Please use -XX:HeapBaseMinAddress
#     to set the Java Heap base and to place the Java Heap above 4GB virtual address.
# This output file may be truncated or incomplete.
#
#  Out of Memory Error (t:/workspace/open/src/hotspot/share/memory/arena.cpp:81), pid=15456, tid=12496
#
# JRE version: Java(TM) SE Runtime Environment (11.0.1+13) (build 11.0.1+13-LTS)
# Java VM: Java HotSpot(TM) 64-Bit Server VM (11.0.1+13-LTS, mixed mode, tiered, compressed oops, g1 gc, windows-amd64)
# No core dump will be written. Minidumps are not enabled by default on client versions of Windows
#

---------------  S U M M A R Y ------------

Command Line: -Dfile.encoding=Cp1252 javaProject.c_signup

Host: Intel(R) Core(TM) i5-8250U CPU @ 1.60GHz, 8 cores, 7G,  Windows 10 , 64 bit Build 17134 (10.0.17134.753)
Time: Fri Jun 28 21:34:32 2019 India Standard Time elapsed time: 31 seconds (0d 0h 0m 31s)

---------------  T H R E A D  ---------------

Current thread (0x0000018fbf13a800):  JavaThread "C1 CompilerThread0" daemon [_thread_in_native, id=12496, stack(0x00000066d0a00000,0x00000066d0b00000)]


Current CompileTask:
C1:  31588 1647       3       java.io.DataInputStream::readUTF (501 bytes)

Stack: [0x00000066d0a00000,0x00000066d0b00000]
Native frames: (J=compiled Java code, j=interpreted, Vv=VM code, C=native code)
V  [jvm.dll+0x63c21a]
V  [jvm.dll+0x7797df]
V  [jvm.dll+0x77adca]
V  [jvm.dll+0x77b483]
V  [jvm.dll+0x2627f8]
V  [jvm.dll+0xc5e9b]
V  [jvm.dll+0xc61fc]
V  [jvm.dll+0x138f9b]
V  [jvm.dll+0x13774e]
V  [jvm.dll+0x140fac]
V  [jvm.dll+0x13e457]
V  [jvm.dll+0x13c305]
V  [jvm.dll+0x146577]
V  [jvm.dll+0x145a98]
V  [jvm.dll+0x13bb89]
V  [jvm.dll+0x13e477]
V  [jvm.dll+0x1353fb]
V  [jvm.dll+0x147a07]
V  [jvm.dll+0x147844]
V  [jvm.dll+0x1303f6]
V  [jvm.dll+0x130772]
V  [jvm.dll+0x130a9f]
V  [jvm.dll+0x12fc17]
V  [jvm.dll+0x131cb7]
V  [jvm.dll+0x22a97f]
V  [jvm.dll+0x228f98]
V  [jvm.dll+0x73f03d]
V  [jvm.dll+0x63b2b2]
C  [ucrtbase.dll+0x1e3fe]
C  [KERNEL32.DLL+0x14034]
C  [ntdll.dll+0x73691]


---------------  P R O C E S S  ---------------

Threads class SMR info:
_java_thread_list=0x0000018fbf7786f0, length=15, elements={
0x0000018fbe825000, 0x0000018fbe81a000, 0x0000018fbe82c800, 0x0000018fbe82d000,
0x0000018fbe831800, 0x0000018fbf13a800, 0x0000018fbe833000, 0x0000018fbf2e2800,
0x0000018fbf2ed000, 0x0000018fbf7ef000, 0x0000018fbf795800, 0x0000018fbf79a000,
0x0000018fc0ad0800, 0x0000018f9fbf3000, 0x0000018fc0c82000
}

Java Threads: ( => current thread )
  0x0000018fbe825000 JavaThread "Reference Handler" daemon [_thread_blocked, id=17796, stack(0x00000066d0500000,0x00000066d0600000)]
  0x0000018fbe81a000 JavaThread "Finalizer" daemon [_thread_blocked, id=6576, stack(0x00000066d0600000,0x00000066d0700000)]
  0x0000018fbe82c800 JavaThread "Signal Dispatcher" daemon [_thread_blocked, id=6588, stack(0x00000066d0700000,0x00000066d0800000)]
  0x0000018fbe82d000 JavaThread "Attach Listener" daemon [_thread_blocked, id=19852, stack(0x00000066d0800000,0x00000066d0900000)]
  0x0000018fbe831800 JavaThread "C2 CompilerThread0" daemon [_thread_in_native, id=5412, stack(0x00000066d0900000,0x00000066d0a00000)]
=>0x0000018fbf13a800 JavaThread "C1 CompilerThread0" daemon [_thread_in_native, id=12496, stack(0x00000066d0a00000,0x00000066d0b00000)]
  0x0000018fbe833000 JavaThread "Sweeper thread" daemon [_thread_blocked, id=18844, stack(0x00000066d0b00000,0x00000066d0c00000)]
  0x0000018fbf2e2800 JavaThread "Service Thread" daemon [_thread_blocked, id=8296, stack(0x00000066d0c00000,0x00000066d0d00000)]
  0x0000018fbf2ed000 JavaThread "Common-Cleaner" daemon [_thread_blocked, id=18936, stack(0x00000066d0e00000,0x00000066d0f00000)]
  0x0000018fbf7ef000 JavaThread "Java2D Disposer" daemon [_thread_blocked, id=10624, stack(0x00000066d0f00000,0x00000066d1000000)]
  0x0000018fbf795800 JavaThread "AWT-Shutdown" [_thread_blocked, id=18104, stack(0x00000066d1000000,0x00000066d1100000)]
  0x0000018fbf79a000 JavaThread "AWT-Windows" daemon [_thread_in_native, id=19960, stack(0x00000066d1100000,0x00000066d1200000)]
  0x0000018fc0ad0800 JavaThread "AWT-EventQueue-0" [_thread_in_vm, id=5560, stack(0x00000066d1400000,0x00000066d1500000)]
  0x0000018f9fbf3000 JavaThread "DestroyJavaVM" [_thread_blocked, id=14348, stack(0x00000066cfe00000,0x00000066cff00000)]
  0x0000018fc0c82000 JavaThread "TimerQueue" daemon [_thread_blocked, id=15192, stack(0x00000066d1700000,0x00000066d1800000)]

Other Threads:
  0x0000018fbe7f0000 VMThread "VM Thread" [stack: 0x00000066d0400000,0x00000066d0500000] [id=12012]
  0x0000018fbf2ea800 WatcherThread [stack: 0x00000066d0d00000,0x00000066d0e00000] [id=6868]
  0x0000018f9fc0c000 GCTaskThread "GC Thread#0" [stack: 0x00000066cff00000,0x00000066d0000000] [id=13924]
  0x0000018f9fc3b000 ConcurrentGCThread "G1 Main Marker" [stack: 0x00000066d0000000,0x00000066d0100000] [id=8764]
  0x0000018f9fc3c800 ConcurrentGCThread "G1 Conc#0" [stack: 0x00000066d0100000,0x00000066d0200000] [id=18800]
  0x0000018f9fcce000 ConcurrentGCThread "G1 Refine#0" [stack: 0x00000066d0200000,0x00000066d0300000] [id=6952]
  0x0000018fbe659800 ConcurrentGCThread "G1 Young RemSet Sampling" [stack: 0x00000066d0300000,0x00000066d0400000] [id=12208]

Threads with active compile tasks:
C2 CompilerThread01627       4       java.lang.invoke.InvokerBytecodeGenerator::emitImplicitConversion (159 bytes)
C1 CompilerThread01647       3       java.io.DataInputStream::readUTF (501 bytes)

VM state:not at safepoint (normal execution)

VM Mutex/Monitor currently owned by a thread: None

Heap address: 0x0000000081400000, size: 2028 MB, Compressed Oops mode: 32-bit
Narrow klass base: 0x0000000000000000, Narrow klass shift: 3
Compressed class space size: 1073741824 Address: 0x0000000100000000

Heap:
 garbage-first heap   total 131072K, used 28672K [0x0000000081400000, 0x0000000100000000)
  region size 1024K, 20 young (20480K), 0 survivors (0K)
 Metaspace       used 17155K, capacity 17633K, committed 17664K, reserved 1064960K
  class space    used 1822K, capacity 2027K, committed 2048K, reserved 1048576K
Heap Regions: E=young(eden), S=young(survivor), O=old, HS=humongous(starts), HC=humongous(continues), CS=collection set, F=free, A=archive, TAMS=top-at-mark-start (previous, next)
|   0|0x0000000081400000, 0x0000000081500000, 0x0000000081500000|100%|HS|  |TAMS 0x0000000081400000, 0x0000000081400000| Complete 
|   1|0x0000000081500000, 0x0000000081600000, 0x0000000081600000|100%|HC|  |TAMS 0x0000000081500000, 0x0000000081500000| Complete 
|   2|0x0000000081600000, 0x0000000081700000, 0x0000000081700000|100%|HC|  |TAMS 0x0000000081600000, 0x0000000081600000| Complete 
|   3|0x0000000081700000, 0x0000000081800000, 0x0000000081800000|100%|HC|  |TAMS 0x0000000081700000, 0x0000000081700000| Complete 
|   4|0x0000000081800000, 0x0000000081900000, 0x0000000081900000|100%|HC|  |TAMS 0x0000000081800000, 0x0000000081800000| Complete 
|   5|0x0000000081900000, 0x0000000081a00000, 0x0000000081a00000|100%|HS|  |TAMS 0x0000000081900000, 0x0000000081900000| Complete 
|   6|0x0000000081a00000, 0x0000000081b00000, 0x0000000081b00000|100%|HC|  |TAMS 0x0000000081a00000, 0x0000000081a00000| Complete 
|   7|0x0000000081b00000, 0x0000000081c00000, 0x0000000081c00000|100%|HC|  |TAMS 0x0000000081b00000, 0x0000000081b00000| Complete 
|   8|0x0000000081c00000, 0x0000000081d00000, 0x0000000081d00000|100%|HC|  |TAMS 0x0000000081c00000, 0x0000000081c00000| Complete 
|   9|0x0000000081d00000, 0x0000000081d00000, 0x0000000081e00000|  0%| F|  |TAMS 0x0000000081d00000, 0x0000000081d00000| Untracked 
|  10|0x0000000081e00000, 0x0000000081e00000, 0x0000000081f00000|  0%| F|  |TAMS 0x0000000081e00000, 0x0000000081e00000| Untracked 
|  11|0x0000000081f00000, 0x0000000081f00000, 0x0000000082000000|  0%| F|  |TAMS 0x0000000081f00000, 0x0000000081f00000| Untracked 
|  12|0x0000000082000000, 0x0000000082000000, 0x0000000082100000|  0%| F|  |TAMS 0x0000000082000000, 0x0000000082000000| Untracked 
|  13|0x0000000082100000, 0x0000000082100000, 0x0000000082200000|  0%| F|  |TAMS 0x0000000082100000, 0x0000000082100000| Untracked 
|  14|0x0000000082200000, 0x0000000082200000, 0x0000000082300000|  0%| F|  |TAMS 0x0000000082200000, 0x0000000082200000| Untracked 
|  15|0x0000000082300000, 0x0000000082300000, 0x0000000082400000|  0%| F|  |TAMS 0x0000000082300000, 0x0000000082300000| Untracked 
|  16|0x0000000082400000, 0x0000000082400000, 0x0000000082500000|  0%| F|  |TAMS 0x0000000082400000, 0x0000000082400000| Untracked 
|  17|0x0000000082500000, 0x0000000082500000, 0x0000000082600000|  0%| F|  |TAMS 0x0000000082500000, 0x0000000082500000| Untracked 
|  18|0x0000000082600000, 0x0000000082600000, 0x0000000082700000|  0%| F|  |TAMS 0x0000000082600000, 0x0000000082600000| Untracked 
|  19|0x0000000082700000, 0x0000000082700000, 0x0000000082800000|  0%| F|  |TAMS 0x0000000082700000, 0x0000000082700000| Untracked 
|  20|0x0000000082800000, 0x0000000082800000, 0x0000000082900000|  0%| F|  |TAMS 0x0000000082800000, 0x0000000082800000| Untracked 
|  21|0x0000000082900000, 0x0000000082900000, 0x0000000082a00000|  0%| F|  |TAMS 0x0000000082900000, 0x0000000082900000| Untracked 
|  22|0x0000000082a00000, 0x0000000082a00000, 0x0000000082b00000|  0%| F|  |TAMS 0x0000000082a00000, 0x0000000082a00000| Untracked 
|  23|0x0000000082b00000, 0x0000000082b00000, 0x0000000082c00000|  0%| F|  |TAMS 0x0000000082b00000, 0x0000000082b00000| Untracked 
|  24|0x0000000082c00000, 0x0000000082c00000, 0x0000000082d00000|  0%| F|  |TAMS 0x0000000082c00000, 0x0000000082c00000| Untracked 
|  25|0x0000000082d00000, 0x0000000082d00000, 0x0000000082e00000|  0%| F|  |TAMS 0x0000000082d00000, 0x0000000082d00000| Untracked 
|  26|0x0000000082e00000, 0x0000000082e00000, 0x0000000082f00000|  0%| F|  |TAMS 0x0000000082e00000, 0x0000000082e00000| Untracked 
|  27|0x0000000082f00000, 0x0000000082f00000, 0x0000000083000000|  0%| F|  |TAMS 0x0000000082f00000, 0x0000000082f00000| Untracked 
|  28|0x0000000083000000, 0x0000000083000000, 0x0000000083100000|  0%| F|  |TAMS 0x0000000083000000, 0x0000000083000000| Untracked 
|  29|0x0000000083100000, 0x0000000083100000, 0x0000000083200000|  0%| F|  |TAMS 0x0000000083100000, 0x0000000083100000| Untracked 
|  30|0x0000000083200000, 0x0000000083200000, 0x0000000083300000|  0%| F|  |TAMS 0x0000000083200000, 0x0000000083200000| Untracked 
|  31|0x0000000083300000, 0x0000000083300000, 0x0000000083400000|  0%| F|  |TAMS 0x0000000083300000, 0x0000000083300000| Untracked 
|  32|0x0000000083400000, 0x0000000083400000, 0x0000000083500000|  0%| F|  |TAMS 0x0000000083400000, 0x0000000083400000| Untracked 
|  33|0x0000000083500000, 0x0000000083500000, 0x0000000083600000|  0%| F|  |TAMS 0x0000000083500000, 0x0000000083500000| Untracked 
|  34|0x0000000083600000, 0x0000000083600000, 0x0000000083700000|  0%| F|  |TAMS 0x0000000083600000, 0x0000000083600000| Untracked 
|  35|0x0000000083700000, 0x0000000083700000, 0x0000000083800000|  0%| F|  |TAMS 0x0000000083700000, 0x0000000083700000| Untracked 
|  36|0x0000000083800000, 0x0000000083800000, 0x0000000083900000|  0%| F|  |TAMS 0x0000000083800000, 0x0000000083800000| Untracked 
|  37|0x0000000083900000, 0x0000000083900000, 0x0000000083a00000|  0%| F|  |TAMS 0x0000000083900000, 0x0000000083900000| Untracked 
|  38|0x0000000083a00000, 0x0000000083a00000, 0x0000000083b00000|  0%| F|  |TAMS 0x0000000083a00000, 0x0000000083a00000| Untracked 
|  39|0x0000000083b00000, 0x0000000083b00000, 0x0000000083c00000|  0%| F|  |TAMS 0x0000000083b00000, 0x0000000083b00000| Untracked 
|  40|0x0000000083c00000, 0x0000000083c00000, 0x0000000083d00000|  0%| F|  |TAMS 0x0000000083c00000, 0x0000000083c00000| Untracked 
|  41|0x0000000083d00000, 0x0000000083d00000, 0x0000000083e00000|  0%| F|  |TAMS 0x0000000083d00000, 0x0000000083d00000| Untracked 
|  42|0x0000000083e00000, 0x0000000083e00000, 0x0000000083f00000|  0%| F|  |TAMS 0x0000000083e00000, 0x0000000083e00000| Untracked 
|  43|0x0000000083f00000, 0x0000000083f00000, 0x0000000084000000|  0%| F|  |TAMS 0x0000000083f00000, 0x0000000083f00000| Untracked 
|  44|0x0000000084000000, 0x0000000084000000, 0x0000000084100000|  0%| F|  |TAMS 0x0000000084000000, 0x0000000084000000| Untracked 
|  45|0x0000000084100000, 0x0000000084100000, 0x0000000084200000|  0%| F|  |TAMS 0x0000000084100000, 0x0000000084100000| Untracked 
|  46|0x0000000084200000, 0x0000000084200000, 0x0000000084300000|  0%| F|  |TAMS 0x0000000084200000, 0x0000000084200000| Untracked 
|  47|0x0000000084300000, 0x0000000084300000, 0x0000000084400000|  0%| F|  |TAMS 0x0000000084300000, 0x0000000084300000| Untracked 
|  48|0x0000000084400000, 0x0000000084400000, 0x0000000084500000|  0%| F|  |TAMS 0x0000000084400000, 0x0000000084400000| Untracked 
|  49|0x0000000084500000, 0x0000000084500000, 0x0000000084600000|  0%| F|  |TAMS 0x0000000084500000, 0x0000000084500000| Untracked 
|  50|0x0000000084600000, 0x0000000084600000, 0x0000000084700000|  0%| F|  |TAMS 0x0000000084600000, 0x0000000084600000| Untracked 
|  51|0x0000000084700000, 0x0000000084700000, 0x0000000084800000|  0%| F|  |TAMS 0x0000000084700000, 0x0000000084700000| Untracked 
|  52|0x0000000084800000, 0x0000000084800000, 0x0000000084900000|  0%| F|  |TAMS 0x0000000084800000, 0x0000000084800000| Untracked 
|  53|0x0000000084900000, 0x0000000084900000, 0x0000000084a00000|  0%| F|  |TAMS 0x0000000084900000, 0x0000000084900000| Untracked 
|  54|0x0000000084a00000, 0x0000000084a00000, 0x0000000084b00000|  0%| F|  |TAMS 0x0000000084a00000, 0x0000000084a00000| Untracked 
|  55|0x0000000084b00000, 0x0000000084b00000, 0x0000000084c00000|  0%| F|  |TAMS 0x0000000084b00000, 0x0000000084b00000| Untracked 
|  56|0x0000000084c00000, 0x0000000084c00000, 0x0000000084d00000|  0%| F|  |TAMS 0x0000000084c00000, 0x0000000084c00000| Untracked 
|  57|0x0000000084d00000, 0x0000000084d00000, 0x0000000084e00000|  0%| F|  |TAMS 0x0000000084d00000, 0x0000000084d00000| Untracked 
|  58|0x0000000084e00000, 0x0000000084e00000, 0x0000000084f00000|  0%| F|  |TAMS 0x0000000084e00000, 0x0000000084e00000| Untracked 
|  59|0x0000000084f00000, 0x0000000084f00000, 0x0000000085000000|  0%| F|  |TAMS 0x0000000084f00000, 0x0000000084f00000| Untracked 
|  60|0x0000000085000000, 0x0000000085000000, 0x0000000085100000|  0%| F|  |TAMS 0x0000000085000000, 0x0000000085000000| Untracked 
|  61|0x0000000085100000, 0x0000000085100000, 0x0000000085200000|  0%| F|  |TAMS 0x0000000085100000, 0x0000000085100000| Untracked 
|  62|0x0000000085200000, 0x0000000085200000, 0x0000000085300000|  0%| F|  |TAMS 0x0000000085200000, 0x0000000085200000| Untracked 
|  63|0x0000000085300000, 0x0000000085300000, 0x0000000085400000|  0%| F|  |TAMS 0x0000000085300000, 0x0000000085300000| Untracked 
|  64|0x0000000085400000, 0x0000000085400000, 0x0000000085500000|  0%| F|  |TAMS 0x0000000085400000, 0x0000000085400000| Untracked 
|  65|0x0000000085500000, 0x0000000085500000, 0x0000000085600000|  0%| F|  |TAMS 0x0000000085500000, 0x0000000085500000| Untracked 
|  66|0x0000000085600000, 0x0000000085600000, 0x0000000085700000|  0%| F|  |TAMS 0x0000000085600000, 0x0000000085600000| Untracked 
|  67|0x0000000085700000, 0x0000000085700000, 0x0000000085800000|  0%| F|  |TAMS 0x0000000085700000, 0x0000000085700000| Untracked 
|  68|0x0000000085800000, 0x0000000085800000, 0x0000000085900000|  0%| F|  |TAMS 0x0000000085800000, 0x0000000085800000| Untracked 
|  69|0x0000000085900000, 0x0000000085900000, 0x0000000085a00000|  0%| F|  |TAMS 0x0000000085900000, 0x0000000085900000| Untracked 
|  70|0x0000000085a00000, 0x0000000085a00000, 0x0000000085b00000|  0%| F|  |TAMS 0x0000000085a00000, 0x0000000085a00000| Untracked 
|  71|0x0000000085b00000, 0x0000000085b00000, 0x0000000085c00000|  0%| F|  |TAMS 0x0000000085b00000, 0x0000000085b00000| Untracked 
|  72|0x0000000085c00000, 0x0000000085c00000, 0x0000000085d00000|  0%| F|  |TAMS 0x0000000085c00000, 0x0000000085c00000| Untracked 
|  73|0x0000000085d00000, 0x0000000085d00000, 0x0000000085e00000|  0%| F|  |TAMS 0x0000000085d00000, 0x0000000085d00000| Untracked 
|  74|0x0000000085e00000, 0x0000000085e00000, 0x0000000085f00000|  0%| F|  |TAMS 0x0000000085e00000, 0x0000000085e00000| Untracked 
|  75|0x0000000085f00000, 0x0000000085f00000, 0x0000000086000000|  0%| F|  |TAMS 0x0000000085f00000, 0x0000000085f00000| Untracked 
|  76|0x0000000086000000, 0x0000000086000000, 0x0000000086100000|  0%| F|  |TAMS 0x0000000086000000, 0x0000000086000000| Untracked 
|  77|0x0000000086100000, 0x0000000086100000, 0x0000000086200000|  0%| F|  |TAMS 0x0000000086100000, 0x0000000086100000| Untracked 
|  78|0x0000000086200000, 0x0000000086200000, 0x0000000086300000|  0%| F|  |TAMS 0x0000000086200000, 0x0000000086200000| Untracked 
|  79|0x0000000086300000, 0x0000000086300000, 0x0000000086400000|  0%| F|  |TAMS 0x0000000086300000, 0x0000000086300000| Untracked 
|  80|0x0000000086400000, 0x0000000086400000, 0x0000000086500000|  0%| F|  |TAMS 0x0000000086400000, 0x0000000086400000| Untracked 
|  81|0x0000000086500000, 0x0000000086500000, 0x0000000086600000|  0%| F|  |TAMS 0x0000000086500000, 0x0000000086500000| Untracked 
|  82|0x0000000086600000, 0x0000000086600000, 0x0000000086700000|  0%| F|  |TAMS 0x0000000086600000, 0x0000000086600000| Untracked 
|  83|0x0000000086700000, 0x0000000086700000, 0x0000000086800000|  0%| F|  |TAMS 0x0000000086700000, 0x0000000086700000| Untracked 
|  84|0x0000000086800000, 0x0000000086800000, 0x0000000086900000|  0%| F|  |TAMS 0x0000000086800000, 0x0000000086800000| Untracked 
|  85|0x0000000086900000, 0x0000000086900000, 0x0000000086a00000|  0%| F|  |TAMS 0x0000000086900000, 0x0000000086900000| Untracked 
|  86|0x0000000086a00000, 0x0000000086a00000, 0x0000000086b00000|  0%| F|  |TAMS 0x0000000086a00000, 0x0000000086a00000| Untracked 
|  87|0x0000000086b00000, 0x0000000086b00000, 0x0000000086c00000|  0%| F|  |TAMS 0x0000000086b00000, 0x0000000086b00000| Untracked 
|  88|0x0000000086c00000, 0x0000000086c00000, 0x0000000086d00000|  0%| F|  |TAMS 0x0000000086c00000, 0x0000000086c00000| Untracked 
|  89|0x0000000086d00000, 0x0000000086d00000, 0x0000000086e00000|  0%| F|  |TAMS 0x0000000086d00000, 0x0000000086d00000| Untracked 
|  90|0x0000000086e00000, 0x0000000086e00000, 0x0000000086f00000|  0%| F|  |TAMS 0x0000000086e00000, 0x0000000086e00000| Untracked 
|  91|0x0000000086f00000, 0x0000000086f00000, 0x0000000087000000|  0%| F|  |TAMS 0x0000000086f00000, 0x0000000086f00000| Untracked 
|  92|0x0000000087000000, 0x0000000087000000, 0x0000000087100000|  0%| F|  |TAMS 0x0000000087000000, 0x0000000087000000| Untracked 
|  93|0x0000000087100000, 0x0000000087100000, 0x0000000087200000|  0%| F|  |TAMS 0x0000000087100000, 0x0000000087100000| Untracked 
|  94|0x0000000087200000, 0x0000000087200000, 0x0000000087300000|  0%| F|  |TAMS 0x0000000087200000, 0x0000000087200000| Untracked 
|  95|0x0000000087300000, 0x0000000087300000, 0x0000000087400000|  0%| F|  |TAMS 0x0000000087300000, 0x0000000087300000| Untracked 
|  96|0x0000000087400000, 0x0000000087400000, 0x0000000087500000|  0%| F|  |TAMS 0x0000000087400000, 0x0000000087400000| Untracked 
|  97|0x0000000087500000, 0x0000000087500000, 0x0000000087600000|  0%| F|  |TAMS 0x0000000087500000, 0x0000000087500000| Untracked 
|  98|0x0000000087600000, 0x0000000087600000, 0x0000000087700000|  0%| F|  |TAMS 0x0000000087600000, 0x0000000087600000| Untracked 
|  99|0x0000000087700000, 0x0000000087700000, 0x0000000087800000|  0%| F|  |TAMS 0x0000000087700000, 0x0000000087700000| Untracked 
| 100|0x0000000087800000, 0x0000000087800000, 0x0000000087900000|  0%| F|  |TAMS 0x0000000087800000, 0x0000000087800000| Untracked 
| 101|0x0000000087900000, 0x0000000087900000, 0x0000000087a00000|  0%| F|  |TAMS 0x0000000087900000, 0x0000000087900000| Untracked 
| 102|0x0000000087a00000, 0x0000000087a00000, 0x0000000087b00000|  0%| F|  |TAMS 0x0000000087a00000, 0x0000000087a00000| Untracked 
| 103|0x0000000087b00000, 0x0000000087b00000, 0x0000000087c00000|  0%| F|  |TAMS 0x0000000087b00000, 0x0000000087b00000| Untracked 
| 104|0x0000000087c00000, 0x0000000087c00000, 0x0000000087d00000|  0%| F|  |TAMS 0x0000000087c00000, 0x0000000087c00000| Untracked 
| 105|0x0000000087d00000, 0x0000000087d00000, 0x0000000087e00000|  0%| F|  |TAMS 0x0000000087d00000, 0x0000000087d00000| Untracked 
| 106|0x0000000087e00000, 0x0000000087e00000, 0x0000000087f00000|  0%| F|  |TAMS 0x0000000087e00000, 0x0000000087e00000| Untracked 
| 107|0x0000000087f00000, 0x0000000087f00000, 0x0000000088000000|  0%| F|  |TAMS 0x0000000087f00000, 0x0000000087f00000| Untracked 
| 108|0x0000000088000000, 0x00000000880f66c8, 0x0000000088100000| 96%| E|  |TAMS 0x0000000088000000, 0x0000000088000000| Complete 
| 109|0x0000000088100000, 0x0000000088200000, 0x0000000088200000|100%| E|CS|TAMS 0x0000000088100000, 0x0000000088100000| Complete 
| 110|0x0000000088200000, 0x0000000088300000, 0x0000000088300000|100%| E|CS|TAMS 0x0000000088200000, 0x0000000088200000| Complete 
| 111|0x0000000088300000, 0x0000000088400000, 0x0000000088400000|100%| E|CS|TAMS 0x0000000088300000, 0x0000000088300000| Complete 
| 112|0x0000000088400000, 0x0000000088500000, 0x0000000088500000|100%| E|CS|TAMS 0x0000000088400000, 0x0000000088400000| Complete 
| 113|0x0000000088500000, 0x0000000088600000, 0x0000000088600000|100%| E|CS|TAMS 0x0000000088500000, 0x0000000088500000| Complete 
| 114|0x0000000088600000, 0x0000000088700000, 0x0000000088700000|100%| E|CS|TAMS 0x0000000088600000, 0x0000000088600000| Complete 
| 115|0x0000000088700000, 0x0000000088800000, 0x0000000088800000|100%| E|CS|TAMS 0x0000000088700000, 0x0000000088700000| Complete 
| 116|0x0000000088800000, 0x0000000088900000, 0x0000000088900000|100%| E|CS|TAMS 0x0000000088800000, 0x0000000088800000| Complete 
| 117|0x0000000088900000, 0x0000000088a00000, 0x0000000088a00000|100%| E|CS|TAMS 0x0000000088900000, 0x0000000088900000| Complete 
| 118|0x0000000088a00000, 0x0000000088b00000, 0x0000000088b00000|100%| E|CS|TAMS 0x0000000088a00000, 0x0000000088a00000| Complete 
| 119|0x0000000088b00000, 0x0000000088c00000, 0x0000000088c00000|100%| E|CS|TAMS 0x0000000088b00000, 0x0000000088b00000| Complete 
| 120|0x0000000088c00000, 0x0000000088d00000, 0x0000000088d00000|100%| E|CS|TAMS 0x0000000088c00000, 0x0000000088c00000| Complete 
| 121|0x0000000088d00000, 0x0000000088e00000, 0x0000000088e00000|100%| E|CS|TAMS 0x0000000088d00000, 0x0000000088d00000| Complete 
| 122|0x0000000088e00000, 0x0000000088f00000, 0x0000000088f00000|100%| E|CS|TAMS 0x0000000088e00000, 0x0000000088e00000| Complete 
| 123|0x0000000088f00000, 0x0000000089000000, 0x0000000089000000|100%| E|CS|TAMS 0x0000000088f00000, 0x0000000088f00000| Complete 
| 124|0x0000000089000000, 0x0000000089100000, 0x0000000089100000|100%| E|CS|TAMS 0x0000000089000000, 0x0000000089000000| Complete 
| 125|0x0000000089100000, 0x0000000089200000, 0x0000000089200000|100%| E|CS|TAMS 0x0000000089100000, 0x0000000089100000| Complete 
| 126|0x0000000089200000, 0x0000000089300000, 0x0000000089300000|100%| E|CS|TAMS 0x0000000089200000, 0x0000000089200000| Complete 
| 127|0x0000000089300000, 0x0000000089400000, 0x0000000089400000|100%| E|CS|TAMS 0x0000000089300000, 0x0000000089300000| Complete 

Card table byte_map: [0x0000018fb7650000,0x0000018fb7a50000] _byte_map_base: 0x0000018fb7246000

Marking Bits (Prev, Next): (CMBitMap*) 0x0000018f9fc32618, (CMBitMap*) 0x0000018f9fc32650
 Prev Bits: [0x0000018fb7e50000, 0x0000018fb9e00000)
 Next Bits: [0x0000018fb9e00000, 0x0000018fbbdb0000)

Polling page: 0x0000018f9f3d0000

Metaspace:

Usage:
  Non-class:     15.24 MB capacity,    14.97 MB ( 98%) used,   225.66 KB (  1%) free+waste,    47.81 KB ( <1%) overhead. 
      Class:      1.98 MB capacity,     1.78 MB ( 90%) used,   179.21 KB (  9%) free+waste,    24.94 KB (  1%) overhead. 
       Both:     17.22 MB capacity,    16.75 MB ( 97%) used,   404.87 KB (  2%) free+waste,    72.75 KB ( <1%) overhead. 

Virtual space:
  Non-class space:       16.00 MB reserved,      15.25 MB ( 95%) committed 
      Class space:        1.00 GB reserved,       2.00 MB ( <1%) committed 
             Both:        1.02 GB reserved,      17.25 MB (  2%) committed 

Chunk freelists:
   Non-Class:  1.25 KB
       Class:  2.63 KB
        Both:  3.88 KB

CodeHeap 'non-profiled nmethods': size=120000Kb used=490Kb max_used=490Kb free=119509Kb
 bounds [0x0000018faf9f0000, 0x0000018fafc60000, 0x0000018fb6f20000]
CodeHeap 'profiled nmethods': size=120000Kb used=3250Kb max_used=3250Kb free=116749Kb
 bounds [0x0000018fa84c0000, 0x0000018fa87f0000, 0x0000018faf9f0000]
CodeHeap 'non-nmethods': size=5760Kb used=1239Kb max_used=1239Kb free=4520Kb
 bounds [0x0000018fa7f20000, 0x0000018fa8190000, 0x0000018fa84c0000]
 total_blobs=2469 nmethods=1644 adapters=531
 compilation: enabled
              stopped_count=0, restarted_count=0
 full_count=0

Compilation events (10 events):
Event: 31.549 Thread 0x0000018fbf13a800 nmethod 1642 0x0000018fa87ea790 code [0x0000018fa87eaa00, 0x0000018fa87eb420]
Event: 31.549 Thread 0x0000018fbf13a800 1644       3       java.lang.StringUTF16::length (5 bytes)
Event: 31.549 Thread 0x0000018fbf13a800 nmethod 1644 0x0000018fa87eb790 code [0x0000018fa87eb940, 0x0000018fa87eba98]
Event: 31.549 Thread 0x0000018fbf13a800 1643       3       java.lang.StringUTF16::putChar (54 bytes)
Event: 31.549 Thread 0x0000018fbf13a800 nmethod 1643 0x0000018fa87ebb90 code [0x0000018fa87ebd40, 0x0000018fa87ebed8]
Event: 31.550 Thread 0x0000018fbf13a800 1645       1       java.util.zip.Inflater$InflaterZStreamRef::address (5 bytes)
Event: 31.550 Thread 0x0000018fbf13a800 nmethod 1645 0x0000018fafa6a290 code [0x0000018fafa6a440, 0x0000018fafa6a558]
Event: 31.553 Thread 0x0000018fbf13a800 1646  s    3       java.io.BufferedInputStream::read (49 bytes)
Event: 31.553 Thread 0x0000018fbf13a800 nmethod 1646 0x0000018fa87ec010 code [0x0000018fa87ec200, 0x0000018fa87ec780]
Event: 31.553 Thread 0x0000018fbf13a800 1647       3       java.io.DataInputStream::readUTF (501 bytes)

GC Heap History (0 events):
No events

Deoptimization events (6 events):
Event: 0.421 Thread 0x0000018f9fbf3000 Uncommon trap: reason=unstable_if action=reinterpret pc=0x0000018faf9f4ef0 method=java.lang.String.hashCode()I @ 14 c2
Event: 2.376 Thread 0x0000018fc0ad0800 Uncommon trap: reason=class_check action=maybe_recompile pc=0x0000018fafa05764 method=java.lang.String.equals(Ljava/lang/Object;)Z @ 8 c2
Event: 2.376 Thread 0x0000018fc0ad0800 Uncommon trap: reason=class_check action=maybe_recompile pc=0x0000018fafa05764 method=java.lang.String.equals(Ljava/lang/Object;)Z @ 8 c2
Event: 2.386 Thread 0x0000018fc0ad0800 Uncommon trap: reason=class_check action=maybe_recompile pc=0x0000018fafa05764 method=java.lang.String.equals(Ljava/lang/Object;)Z @ 8 c2
Event: 2.386 Thread 0x0000018fc0ad0800 Uncommon trap: reason=class_check action=maybe_recompile pc=0x0000018fafa05764 method=java.lang.String.equals(Ljava/lang/Object;)Z @ 8 c2
Event: 18.381 Thread 0x0000018fc0ad0800 Uncommon trap: reason=unstable_if action=reinterpret pc=0x0000018fafa18e34 method=jdk.internal.org.objectweb.asm.Type.getArgumentsAndReturnSizes(Ljava/lang/String;)I @ 88 c2

Classes redefined (0 events):
No events

Internal exceptions (10 events):
Event: 0.913 Thread 0x0000018f9fbf3000 Exception <a 'java/lang/NoSuchMethodError'{0x0000000088e70528}: java.lang.invoke.DirectMethodHandle$Holder.invokeStatic(Ljava/lang/Object;ILjava/lang/Object;Ljava/lang/Object;Ljava/lang/Object;)Ljava/lang/Object;> (0x0000000088e70528) thrown at [t:/worksp
Event: 0.913 Thread 0x0000018f9fbf3000 Exception <a 'java/lang/NoSuchMethodError'{0x0000000088e74068}: java.lang.invoke.DirectMethodHandle$Holder.invokeSpecial(Ljava/lang/Object;Ljava/lang/Object;ILjava/lang/Object;Ljava/lang/Object;Ljava/lang/Object;)Ljava/lang/Object;> (0x0000000088e74068) t
Event: 0.932 Thread 0x0000018f9fbf3000 Exception <a 'java/lang/ClassNotFoundException'{0x0000000088d3be80}: com/sun/swing/internal/plaf/metal/resources/spi/metalProvider> (0x0000000088d3be80) thrown at [t:/workspace/open/src/hotspot/share/classfile/systemDictionary.cpp, line 231]
Event: 0.933 Thread 0x0000018f9fbf3000 Exception <a 'java/lang/ClassNotFoundException'{0x0000000088d401f8}: com/sun/swing/internal/plaf/basic/resources/spi/basicProvider> (0x0000000088d401f8) thrown at [t:/workspace/open/src/hotspot/share/classfile/systemDictionary.cpp, line 231]
Event: 1.032 Thread 0x0000018f9fbf3000 Exception <a 'java/lang/NoSuchMethodError'{0x0000000088732f10}: java.lang.invoke.DirectMethodHandle$Holder.invokeStaticInit(Ljava/lang/Object;)V> (0x0000000088732f10) thrown at [t:/workspace/open/src/hotspot/share/interpreter/linkResolver.cpp, line 772]
Event: 1.075 Thread 0x0000018f9fbf3000 Exception <a 'java/lang/NoSuchMethodError'{0x00000000886b0200}: java.lang.invoke.DirectMethodHandle$Holder.invokeStatic(Ljava/lang/Object;Ljava/lang/Object;Ljava/lang/Object;Ljava/lang/Object;Ljava/lang/Object;Ljava/lang/Object;Ljava/lang/Object;Ljava/lan
Event: 1.078 Thread 0x0000018f9fbf3000 Exception <a 'java/lang/NoSuchMethodError'{0x00000000886ce400}: java.lang.invoke.DirectMethodHandle$Holder.invokeStatic(Ljava/lang/Object;Ljava/lang/Object;Ljava/lang/Object;Ljava/lang/Object;Ljava/lang/Object;Ljava/lang/Object;Ljava/lang/Object;Ljava/lan
Event: 1.082 Thread 0x0000018f9fbf3000 Exception <a 'java/lang/NoSuchMethodError'{0x00000000886ed390}: java.lang.invoke.DirectMethodHandle$Holder.invokeStatic(Ljava/lang/Object;Ljava/lang/Object;Ljava/lang/Object;Ljava/lang/Object;Ljava/lang/Object;Ljava/lang/Object;Ljava/lang/Object;Ljava/lan
Event: 1.084 Thread 0x0000018f9fbf3000 Exception <a 'java/lang/NoSuchMethodError'{0x0000000088503758}: java.lang.invoke.Invokers$Holder.linkToTargetMethod(Ljava/lang/Object;ILjava/lang/Object;)Ljava/lang/Object;> (0x0000000088503758) thrown at [t:/workspace/open/src/hotspot/share/interpreter/l
Event: 1.186 Thread 0x0000018fc0ad0800 Exception <a 'java/lang/NoSuchMethodError'{0x00000000887c77b8}: java.lang.invoke.DirectMethodHandle$Holder.invokeStatic(Ljava/lang/Object;Ljava/lang/Object;Ljava/lang/Object;Ljava/lang/Object;Ljava/lang/Object;Ljava/lang/Object;Ljava/lang/Object;Ljava/lan

Events (10 events):
Event: 31.551 loading class java/io/Console
Event: 31.551 loading class java/io/Console done
Event: 31.551 loading class java/util/TimeZone
Event: 31.552 loading class java/util/TimeZone done
Event: 31.552 loading class sun/util/calendar/ZoneInfo
Event: 31.552 loading class sun/util/calendar/ZoneInfo done
Event: 31.552 loading class sun/util/calendar/ZoneInfoFile
Event: 31.552 loading class sun/util/calendar/ZoneInfoFile done
Event: 31.552 loading class sun/util/calendar/ZoneInfoFile$1
Event: 31.552 loading class sun/util/calendar/ZoneInfoFile$1 done


Dynamic libraries:
0x00007ff710a30000 - 0x00007ff710a77000 	C:\Program Files\Java\jdk-11.0.1\bin\javaw.exe
0x00007ffd0c040000 - 0x00007ffd0c221000 	C:\windows\SYSTEM32\ntdll.dll
0x00007ffd0b970000 - 0x00007ffd0ba21000 	C:\windows\System32\KERNEL32.DLL
0x00007ffd08cd0000 - 0x00007ffd08f43000 	C:\windows\System32\KERNELBASE.dll
0x00007ffd0b2b0000 - 0x00007ffd0b351000 	C:\windows\System32\ADVAPI32.dll
0x00007ffd0bb50000 - 0x00007ffd0bbee000 	C:\windows\System32\msvcrt.dll
0x00007ffd0b820000 - 0x00007ffd0b87b000 	C:\windows\System32\sechost.dll
0x00007ffd0bee0000 - 0x00007ffd0c004000 	C:\windows\System32\RPCRT4.dll
0x00007ffd0b690000 - 0x00007ffd0b820000 	C:\windows\System32\USER32.dll
0x00007ffd08ff0000 - 0x00007ffd09010000 	C:\windows\System32\win32u.dll
0x00007ffd0bb20000 - 0x00007ffd0bb48000 	C:\windows\System32\GDI32.dll
0x00007ffd09090000 - 0x00007ffd09221000 	C:\windows\System32\gdi32full.dll
0x00007ffd08f50000 - 0x00007ffd08fef000 	C:\windows\System32\msvcp_win.dll
0x00007ffd084c0000 - 0x00007ffd085b8000 	C:\windows\System32\ucrtbase.dll
0x00007ffcf9050000 - 0x00007ffcf92b9000 	C:\windows\WinSxS\amd64_microsoft.windows.common-controls_6595b64144ccf1df_6.0.17134.829_none_fb46a5473061b9d5\COMCTL32.dll
0x00007ffd03fe0000 - 0x00007ffd03fea000 	C:\windows\SYSTEM32\VERSION.dll
0x00007ffd0b360000 - 0x00007ffd0b682000 	C:\windows\System32\combase.dll
0x00007ffd09010000 - 0x00007ffd0908a000 	C:\windows\System32\bcryptPrimitives.dll
0x00007ffd0ba90000 - 0x00007ffd0babd000 	C:\windows\System32\IMM32.DLL
0x00007ffcf7ec0000 - 0x00007ffcf7ed6000 	C:\Program Files\Java\jdk-11.0.1\bin\vcruntime140.dll
0x00007ffce5240000 - 0x00007ffce52ea000 	C:\Program Files\Java\jdk-11.0.1\bin\msvcp140.dll
0x00007ffce3f40000 - 0x00007ffce4a82000 	C:\Program Files\Java\jdk-11.0.1\bin\server\jvm.dll
0x00007ffd0b040000 - 0x00007ffd0b048000 	C:\windows\System32\PSAPI.DLL
0x00007ffcf75b0000 - 0x00007ffcf75b9000 	C:\windows\SYSTEM32\WSOCK32.dll
0x00007ffd05de0000 - 0x00007ffd05e03000 	C:\windows\SYSTEM32\WINMM.dll
0x00007ffd0bca0000 - 0x00007ffd0bd0c000 	C:\windows\System32\WS2_32.dll
0x00007ffd05d80000 - 0x00007ffd05daa000 	C:\windows\SYSTEM32\winmmbase.dll
0x00007ffd08410000 - 0x00007ffd08459000 	C:\windows\System32\cfgmgr32.dll
0x00007ffd083f0000 - 0x00007ffd08401000 	C:\windows\System32\kernel.appcore.dll
0x00007ffcffd30000 - 0x00007ffcffd41000 	C:\Program Files\Java\jdk-11.0.1\bin\verify.dll
0x00007ffd06c80000 - 0x00007ffd06e49000 	C:\windows\SYSTEM32\DBGHELP.DLL
0x00007ffcf73e0000 - 0x00007ffcf7409000 	C:\windows\SYSTEM32\dbgcore.DLL
0x00007ffcfee70000 - 0x00007ffcfee99000 	C:\Program Files\Java\jdk-11.0.1\bin\java.dll
0x00007ffcfed40000 - 0x00007ffcfed56000 	C:\Program Files\Java\jdk-11.0.1\bin\zip.dll
0x00007ffd02fd0000 - 0x00007ffd02fda000 	C:\Program Files\Java\jdk-11.0.1\bin\jimage.dll
0x00007ffd099b0000 - 0x00007ffd0adf0000 	C:\windows\System32\SHELL32.dll
0x00007ffd0bbf0000 - 0x00007ffd0bc99000 	C:\windows\System32\shcore.dll
0x00007ffd085c0000 - 0x00007ffd08ccd000 	C:\windows\System32\windows.storage.dll
0x00007ffd0ba30000 - 0x00007ffd0ba81000 	C:\windows\System32\shlwapi.dll
0x00007ffd083b0000 - 0x00007ffd083cf000 	C:\windows\System32\profapi.dll
0x00007ffd08360000 - 0x00007ffd083ac000 	C:\windows\System32\powrprof.dll
0x00007ffd08350000 - 0x00007ffd0835a000 	C:\windows\System32\FLTLIB.DLL
0x00007ffcfed20000 - 0x00007ffcfed39000 	C:\Program Files\Java\jdk-11.0.1\bin\net.dll
0x00007ffd02390000 - 0x00007ffd0246d000 	C:\windows\SYSTEM32\WINHTTP.dll
0x00007ffd07b70000 - 0x00007ffd07bd6000 	C:\windows\system32\mswsock.dll
0x00007ffcf9f40000 - 0x00007ffcf9f53000 	C:\Program Files\Java\jdk-11.0.1\bin\nio.dll
0x00007ffce50a0000 - 0x00007ffce523f000 	C:\Program Files\Java\jdk-11.0.1\bin\awt.dll
0x00007ffd0af70000 - 0x00007ffd0b032000 	C:\windows\System32\OLEAUT32.dll
0x00007ffd04f80000 - 0x00007ffd05547000 	C:\windows\SYSTEM32\d2d1.dll
0x00007ffd05ed0000 - 0x00007ffd05f5b000 	C:\windows\SYSTEM32\apphelp.dll
0x00007ffd06770000 - 0x00007ffd06799000 	C:\windows\system32\DWMAPI.DLL
0x00007ffd065f0000 - 0x00007ffd06688000 	C:\windows\system32\uxtheme.dll
0x00007ffcf9b60000 - 0x00007ffcf9c80000 	C:\windows\system32\opengl32.dll
0x00007ffd02190000 - 0x00007ffd021bc000 	C:\windows\SYSTEM32\GLU32.dll
0x00007ffd0adf0000 - 0x00007ffd0af63000 	C:\windows\System32\MSCTF.dll
0x00007ffd0bd70000 - 0x00007ffd0bec1000 	C:\windows\System32\ole32.dll
0x00007ffcf2270000 - 0x00007ffcf229d000 	C:\Program Files\Java\jdk-11.0.1\bin\javajpeg.dll
0x00007ffce6750000 - 0x00007ffce67d0000 	C:\Program Files\Java\jdk-11.0.1\bin\freetype.dll
0x00007ffce5660000 - 0x00007ffce56cf000 	C:\Program Files\Java\jdk-11.0.1\bin\fontmanager.dll
0x00007ffd0b210000 - 0x00007ffd0b2b0000 	C:\windows\System32\clbcatq.dll
0x00007ffd01de0000 - 0x00007ffd01f8e000 	C:\windows\SYSTEM32\WindowsCodecs.dll
0x00007ffcf7d90000 - 0x00007ffcf7de8000 	C:\windows\system32\dataexchange.dll
0x00007ffd04c70000 - 0x00007ffd04f7b000 	C:\windows\system32\d3d11.dll
0x00007ffd05570000 - 0x00007ffd0570c000 	C:\windows\system32\dcomp.dll
0x00007ffd07120000 - 0x00007ffd071db000 	C:\windows\system32\dxgi.dll
0x00007ffd067d0000 - 0x00007ffd06988000 	C:\windows\system32\twinapi.appcore.dll
0x00007ffd067a0000 - 0x00007ffd067c9000 	C:\windows\system32\RMCLIENT.dll
0x00007ffcf9f80000 - 0x00007ffcfa016000 	C:\windows\System32\TextInputFramework.dll
0x00007ffd00df0000 - 0x00007ffd0110e000 	C:\windows\System32\CoreUIComponents.dll
0x00007ffd05850000 - 0x00007ffd0592a000 	C:\windows\System32\CoreMessaging.dll
0x00007ffd07450000 - 0x00007ffd07481000 	C:\windows\SYSTEM32\ntmarta.dll
0x00007ffd03e60000 - 0x00007ffd03fad000 	C:\windows\SYSTEM32\wintypes.dll

dbghelp: loaded successfully - version: 4.0.5 - missing functions: none
symbol engine: initialized successfully - sym options: 0x614 - pdb path: .;C:\Program Files\Java\jdk-11.0.1\bin;C:\windows\SYSTEM32;C:\windows\WinSxS\amd64_microsoft.windows.common-controls_6595b64144ccf1df_6.0.17134.829_none_fb46a5473061b9d5;C:\Program Files\Java\jdk-11.0.1\bin\server

VM Arguments:
jvm_args: -Dfile.encoding=Cp1252 
java_command: javaProject.c_signup
java_class_path (initial): C:\Users\HP\eclipse-workspace\javaProject\bin;C:\Users\HP\Desktop\software\mysql-connector-java-5.1.19-bin.jar;C:\Users\HP\Downloads\mysql Connector\mysql Connector\mysql-connector-java-5.1.37-bin.jar
Launcher Type: SUN_STANDARD

[Global flags]
     intx CICompilerCount                          = 4                                         {product} {ergonomic}
     uint ConcGCThreads                            = 2                                         {product} {ergonomic}
     uint G1ConcRefinementThreads                  = 8                                         {product} {ergonomic}
   size_t G1HeapRegionSize                         = 1048576                                   {product} {ergonomic}
    uintx GCDrainStackTargetSize                   = 64                                        {product} {ergonomic}
   size_t InitialHeapSize                          = 134217728                                 {product} {ergonomic}
   size_t MarkStackSize                            = 4194304                                   {product} {ergonomic}
   size_t MaxHeapSize                              = 2126512128                                {product} {ergonomic}
   size_t MaxNewSize                               = 1275068416                                {product} {ergonomic}
   size_t MinHeapDeltaBytes                        = 1048576                                   {product} {ergonomic}
    uintx NonNMethodCodeHeapSize                   = 5835340                                {pd product} {ergonomic}
    uintx NonProfiledCodeHeapSize                  = 122911450                              {pd product} {ergonomic}
    uintx ProfiledCodeHeapSize                     = 122911450                              {pd product} {ergonomic}
    uintx ReservedCodeCacheSize                    = 251658240                              {pd product} {ergonomic}
     bool SegmentedCodeCache                       = true                                      {product} {ergonomic}
     bool UseCompressedClassPointers               = true                                 {lp64_product} {ergonomic}
     bool UseCompressedOops                        = true                                 {lp64_product} {ergonomic}
     bool UseG1GC                                  = true                                      {product} {ergonomic}
     bool UseLargePagesIndividualAllocation        = false                                  {pd product} {ergonomic}

Logging:
Log output configuration:
 #0: stdout all=warning uptime,level,tags
 #1: stderr all=off uptime,level,tags

Environment Variables:
PATH=C:/Program Files/Java/jdk-11.0.1/bin/server;C:/Program Files/Java/jdk-11.0.1/bin;C:\oraclexe\app\oracle\product\10.2.0\server\bin;C:\Program Files (x86)\Common Files\Intel\Shared Files\cpp\bin\Intel64;C:\windows\system32;C:\windows;C:\windows\System32\Wbem;C:\windows\System32\WindowsPowerShell\v1.0\;C:\windows\System32\OpenSSH\;C:\Program Files (x86)\Intel\Intel(R) Management Engine Components\DAL;C:\Program Files\Intel\Intel(R) Management Engine Components\DAL;C:\Program Files (x86)\Intel\Intel(R) Management Engine Components\IPT;C:\Program Files\Intel\Intel(R) Management Engine Components\IPT;C:\Program Files (x86)\NVIDIA Corporation\PhysX\Common;C:\Program Files\Java\jdk-11.0.1\bin;C:\Users\HP\Desktop;
USERNAME=HP
OS=Windows_NT
PROCESSOR_IDENTIFIER=Intel64 Family 6 Model 142 Stepping 10, GenuineIntel



---------------  S Y S T E M  ---------------

OS: Windows 10 , 64 bit Build 17134 (10.0.17134.753)

CPU:total 8 (initial active 8) (4 cores per cpu, 2 threads per core) family 6 model 142 stepping 10, cmov, cx8, fxsr, mmx, sse, sse2, sse3, ssse3, sse4.1, sse4.2, popcnt, avx, avx2, aes, clmul, erms, 3dnowpref, lzcnt, ht, tsc, tscinvbit, bmi1, bmi2, adx, fma

Memory: 4k page, system-wide physical 8107M (3013M free)
TotalPageFile size 21187M (AvailPageFile size 1M)
current process WorkingSet (physical memory assigned to process): 94M, peak: 94M
current process commit charge ("private bytes"): 233M, peak: 234M

vm_info: Java HotSpot(TM) 64-Bit Server VM (11.0.1+13-LTS) for windows-amd64 JRE (11.0.1+13-LTS), built on Oct  6 2018 13:20:16 by "mach5one" with MS VC++ 15.5 (VS2017)

END.
